<?xml version="1.0" encoding="UTF-8"?>
<!-- Generated by org.testng.reporters.JUnitReportReporter -->
<testsuite hostname="KishoreDivya" failures="0" tests="1" name="tests.GetDuplicatesINTable" time="20.954" errors="0" timestamp="2025-04-04T20:00:27 IST" skipped="0">
  <testcase classname="tests.GetDuplicatesINTable" name="dupli" time="20.954"/>
</testsuite> <!-- tests.GetDuplicatesINTable -->
