<?xml version="1.0" encoding="UTF-8"?>
<!-- Generated by org.testng.reporters.JUnitReportReporter -->
<testsuite hostname="KishoreDivya" failures="0" tests="1" name="tests.HomePageTest" time="0.181" errors="0" timestamp="2025-03-26T11:08:13 IST" skipped="0">
  <testcase classname="tests.HomePageTest" name="testHomePage" time="0.181"/>
</testsuite> <!-- tests.HomePageTest -->
