<?xml version="1.0" encoding="UTF-8"?>
<!-- Generated by org.testng.reporters.JUnitReportReporter -->
<testsuite hostname="KishoreDivya" failures="0" tests="2" name="tests.ParallelTestClass" time="0.052" errors="0" timestamp="2025-04-04T20:24:34 IST" skipped="0">
  <testcase classname="tests.ParallelTestClass" name="testMethod2" time="0.026"/>
  <testcase classname="tests.ParallelTestClass" name="testMethod1" time="0.026"/>
</testsuite> <!-- tests.ParallelTestClass -->
