<?xml version="1.0" encoding="UTF-8"?>
<!-- Generated by org.testng.reporters.JUnitReportReporter -->
<testsuite hostname="KishoreDivya" failures="0" tests="9" name="listener.ExcelTest" time="0.070" errors="0" timestamp="2025-03-26T22:24:15 IST" skipped="0">
  <testcase classname="listener.ExcelTest" name="testExcelData" time="0.009"/>
  <testcase classname="listener.ExcelTest" name="testExcelData" time="0.003"/>
  <testcase classname="listener.ExcelTest" name="testExcelData" time="0.019"/>
  <testcase classname="listener.ExcelTest" name="testExcelData" time="0.012"/>
  <testcase classname="listener.ExcelTest" name="testExcelData" time="0.007"/>
  <testcase classname="listener.ExcelTest" name="testExcelData" time="0.004"/>
  <testcase classname="listener.ExcelTest" name="testExcelData" time="0.006"/>
  <testcase classname="listener.ExcelTest" name="testExcelData" time="0.007"/>
  <testcase classname="listener.ExcelTest" name="testExcelData" time="0.003"/>
</testsuite> <!-- listener.ExcelTest -->
