<?xml version="1.0" encoding="UTF-8"?>
<!-- Generated by org.testng.reporters.JUnitReportReporter -->
<testsuite hostname="KishoreDivya" failures="0" tests="3" name="listener.DataProviderExampleinsameclass" time="0.021" errors="0" timestamp="2025-03-26T22:05:39 IST" skipped="0">
  <testcase classname="listener.DataProviderExampleinsameclass" name="loginTest" time="0.004"/>
  <testcase classname="listener.DataProviderExampleinsameclass" name="loginTest" time="0.002"/>
  <testcase classname="listener.DataProviderExampleinsameclass" name="loginTest" time="0.015"/>
</testsuite> <!-- listener.DataProviderExampleinsameclass -->
