<?xml version="1.0" encoding="UTF-8"?>
<!-- Generated by org.testng.reporters.JUnitReportReporter -->
<testsuite hostname="KishoreDivya" failures="0" tests="2" name="tests.ParallelSeleniumTest" time="122.217" errors="0" timestamp="2025-03-27T13:20:35 IST" skipped="0">
  <testcase classname="tests.ParallelSeleniumTest" name="testGoogle" time="47.164"/>
  <testcase classname="tests.ParallelSeleniumTest" name="testGoogle" time="75.053"/>
</testsuite> <!-- tests.ParallelSeleniumTest -->
